0 info it worked if it ends with ok
1 verbose cli [ 'C:\\Program Files\\nodejs\\node.exe',
1 verbose cli   'C:\\Users\\krimeshu\\AppData\\Roaming\\npm\\node_modules\\npm\\bin\\npm-cli.js',
1 verbose cli   'publish' ]
2 info using npm@3.5.4
3 info using node@v5.7.0
4 verbose publish [ '.' ]
5 silly cache add args [ '.', null ]
6 verbose cache add spec .
7 silly cache add parsed spec Result {
7 silly cache add   raw: '.',
7 silly cache add   scope: null,
7 silly cache add   name: null,
7 silly cache add   rawSpec: '.',
7 silly cache add   spec: 'E:\\WebstormProjects\\front-custos',
7 silly cache add   type: 'directory' }
8 verbose addLocalDirectory C:\Users\krimeshu\AppData\Roaming\npm-cache\front-custos\0.2.8\package.tgz not in flight; packing
9 info lifecycle front-custos@0.2.8~prepublish: front-custos@0.2.8
10 silly lifecycle front-custos@0.2.8~prepublish: no script for prepublish, continuing
11 verbose tar pack [ 'C:\\Users\\krimeshu\\AppData\\Roaming\\npm-cache\\front-custos\\0.2.8\\package.tgz',
11 verbose tar pack   'E:\\WebstormProjects\\front-custos' ]
12 verbose tarball C:\Users\krimeshu\AppData\Roaming\npm-cache\front-custos\0.2.8\package.tgz
13 verbose folder E:\WebstormProjects\front-custos
14 verbose addLocalTarball adding from inside cache C:\Users\krimeshu\AppData\Roaming\npm-cache\front-custos\0.2.8\package.tgz
15 silly cache afterAdd front-custos@0.2.8
16 verbose afterAdd C:\Users\krimeshu\AppData\Roaming\npm-cache\front-custos\0.2.8\package\package.json not in flight; writing
17 verbose afterAdd C:\Users\krimeshu\AppData\Roaming\npm-cache\front-custos\0.2.8\package\package.json written
18 silly publish { name: 'front-custos',
18 silly publish   version: '0.2.8',
18 silly publish   description: '一个前端开发的试验工具，用于懒得或不会写 gulpfile 时，能快速对不同项目生成常用的 gulp 任务。',
18 silly publish   main: 'index.js',
18 silly publish   scripts: { test: 'node test' },
18 silly publish   author: '',
18 silly publish   license: 'MIT',
18 silly publish   devDependencies: { gulp: '^3.9.1' },
18 silly publish   dependencies:
18 silly publish    { autoprefixer: '^6.3.3',
18 silly publish      cheerio: '^0.20.0',
18 silly publish      del: '^2.2.0',
18 silly publish      glob: '^7.0.0',
18 silly publish      'gulp-cache': '^0.4.2',
18 silly publish      'gulp-imagemin': '^2.4.0',
18 silly publish      'gulp-plumber': '^1.1.0',
18 silly publish      'imagemin-pngquant': '^4.2.2',
18 silly publish      postcss: '^5.0.16',
18 silly publish      request: '^2.69.0',
18 silly publish      'run-sequence': '^1.1.5',
18 silly publish      spritesmith: '^3.1.0',
18 silly publish      through2: '^2.0.1' },
18 silly publish   repository:
18 silly publish    { type: 'git',
18 silly publish      url: 'git+https://github.com/Moonshell/front-custos.git' },
18 silly publish   readme: '# front-custos\r\n\r\n一个前端开发的试验工具，用于懒得或不会写 gulpfile 时，能快速对不同项目生成常用的 gulp 任务。\r\n\r\n## 安装方法\r\n\r\n切换到所在目录，执行`npm install`。\r\n\r\n```bash\r\ncd path/to/front-custos\r\nnpm install\r\n```\r\n\r\n运行测试项目检查是否安装完成。\r\n\r\n```bash\r\nnode test\r\n```\r\n',
18 silly publish   readmeFilename: 'README.md',
18 silly publish   gitHead: '7003519b7e7f6c2a332b6dcc39426bc717f21ddd',
18 silly publish   bugs: { url: 'https://github.com/Moonshell/front-custos/issues' },
18 silly publish   homepage: 'https://github.com/Moonshell/front-custos#readme',
18 silly publish   _id: 'front-custos@0.2.8',
18 silly publish   _shasum: 'f7a58a1a9b101ec9f95bb2444e9a3a09780b1730',
18 silly publish   _from: '.' }
19 verbose getPublishConfig undefined
20 silly mapToRegistry name front-custos
21 silly mapToRegistry using default registry
22 silly mapToRegistry registry https://registry.npm.taobao.org/
23 silly mapToRegistry uri https://registry.npm.taobao.org/front-custos
24 verbose publish registryBase https://registry.npm.taobao.org/
25 silly publish uploading C:\Users\krimeshu\AppData\Roaming\npm-cache\front-custos\0.2.8\package.tgz
26 verbose request uri https://registry.npm.taobao.org/front-custos
27 verbose request sending authorization for write operation
28 info attempt registry request try #1 at 10:05:19
29 verbose request id 422d7f5acb8c8fc1
30 http request PUT https://registry.npm.taobao.org/front-custos
31 http 403 https://registry.npm.taobao.org/front-custos
32 verbose headers { date: 'Fri, 11 Mar 2016 02:05:20 GMT',
32 verbose headers   'content-type': 'application/json; charset=utf-8',
32 verbose headers   'content-length': '87',
32 verbose headers   connection: 'close',
32 verbose headers   'x-readtime': '11' }
33 verbose request invalidating C:\Users\krimeshu\AppData\Roaming\npm-cache\registry.npm.taobao.org\front-custos on PUT
34 error publish Failed PUT 403
35 verbose stack Error: no_perms Private mode enable, only admin can publish this module: front-custos
35 verbose stack     at makeError (C:\Users\krimeshu\AppData\Roaming\npm\node_modules\npm\node_modules\npm-registry-client\lib\request.js:264:12)
35 verbose stack     at CachingRegistryClient.<anonymous> (C:\Users\krimeshu\AppData\Roaming\npm\node_modules\npm\node_modules\npm-registry-client\lib\request.js:252:14)
35 verbose stack     at Request._callback (C:\Users\krimeshu\AppData\Roaming\npm\node_modules\npm\node_modules\npm-registry-client\lib\request.js:172:14)
35 verbose stack     at Request.self.callback (C:\Users\krimeshu\AppData\Roaming\npm\node_modules\npm\node_modules\request\request.js:198:22)
35 verbose stack     at emitTwo (events.js:100:13)
35 verbose stack     at Request.emit (events.js:185:7)
35 verbose stack     at Request.<anonymous> (C:\Users\krimeshu\AppData\Roaming\npm\node_modules\npm\node_modules\request\request.js:1035:10)
35 verbose stack     at emitOne (events.js:95:20)
35 verbose stack     at Request.emit (events.js:182:7)
35 verbose stack     at IncomingMessage.<anonymous> (C:\Users\krimeshu\AppData\Roaming\npm\node_modules\npm\node_modules\request\request.js:962:12)
36 verbose statusCode 403
37 verbose pkgid front-custos
38 verbose cwd E:\WebstormProjects\front-custos
39 error Windows_NT 6.1.7601
40 error argv "C:\\Program Files\\nodejs\\node.exe" "C:\\Users\\krimeshu\\AppData\\Roaming\\npm\\node_modules\\npm\\bin\\npm-cli.js" "publish"
41 error node v5.7.0
42 error npm  v3.5.4
43 error code E403
44 error no_perms Private mode enable, only admin can publish this module: front-custos
45 error If you need help, you may report this error at:
45 error     <https://github.com/npm/npm/issues>
46 verbose exit [ 1, true ]
